


ARM Macro Assembler    Page 1 


    1 00000000         ; ------------------------------------------------------
                       ------------
    2 00000000         ; --  _____       ______  _____                         
                                  -
    3 00000000         ; -- |_   _|     |  ____|/ ____|                        
                                  -
    4 00000000         ; --   | |  _ __ | |__  | (___    Institute of Embedded 
                       Systems    -
    5 00000000         ; --   | | | '_ \|  __|  \___ \   Zurich University of  
                                  -
    6 00000000         ; --  _| |_| | | | |____ ____) |  Applied Sciences      
                                  -
    7 00000000         ; -- |_____|_| |_|______|_____/   8401 Winterthur, Switz
                       erland     -
    8 00000000         ; ------------------------------------------------------
                       ------------
    9 00000000         ; --
   10 00000000         ; -- table.s
   11 00000000         ; --
   12 00000000         ; -- CT1 P04 Ein- und Ausgabe von Tabellenwerten
   13 00000000         ; --
   14 00000000         ; -- $Id: table.s 800 2014-10-06 13:19:25Z ruan $
   15 00000000         ; ------------------------------------------------------
                       ------------
   16 00000000         ;Directives
   17 00000000                 PRESERVE8
   18 00000000                 THUMB
   19 00000000         ; ------------------------------------------------------
                       ------------
   20 00000000         ; -- Symbolic Literals
   21 00000000         ; ------------------------------------------------------
                       ------------
   22 00000000 60000200 
                       ADDR_DIP_SWITCH_7_0
                               EQU              0x60000200
   23 00000000 60000201 
                       ADDR_DIP_SWITCH_15_8
                               EQU              0x60000201
   24 00000000 60000203 
                       ADDR_DIP_SWITCH_31_24
                               EQU              0x60000203
   25 00000000 60000100 
                       ADDR_LED_7_0
                               EQU              0x60000100
   26 00000000 60000101 
                       ADDR_LED_15_8
                               EQU              0x60000101
   27 00000000 60000102 
                       ADDR_LED_23_16
                               EQU              0x60000102
   28 00000000 60000103 
                       ADDR_LED_31_24
                               EQU              0x60000103
   29 00000000 60000210 
                       ADDR_BUTTONS
                               EQU              0x60000210
   30 00000000         
   31 00000000 00000001 
                       BITMASK_KEY_T0



ARM Macro Assembler    Page 2 


                               EQU              0x01
   32 00000000 0000000F 
                       BITMASK_LOWER_NIBBLE
                               EQU              0x0F
   33 00000000         
   34 00000000         ; ------------------------------------------------------
                       ------------
   35 00000000         ; -- Variables
   36 00000000         ; ------------------------------------------------------
                       ------------
   37 00000000                 AREA             MyAsmVar, DATA, READWRITE
   38 00000000         ; STUDENTS: To be programmed
   39 00000000         
   40 00000000 00 00 00 
              00 00 00 
              00 00 00 
              00 00 00 
              00 00 00 
              00       data1   SPACE            16
   41 00000010         
   42 00000010         
   43 00000010         
   44 00000010         ; END: To be programmed
   45 00000010                 ALIGN
   46 00000010         
   47 00000010         ; ------------------------------------------------------
                       ------------
   48 00000010         ; -- myCode
   49 00000010         ; ------------------------------------------------------
                       ------------
   50 00000010                 AREA             myCode, CODE, READONLY
   51 00000000         
   52 00000000         main    PROC
   53 00000000                 EXPORT           main
   54 00000000         
   55 00000000         readInput
   56 00000000 F000 F816       BL               waitForKey  ; wait for key to b
                                                            e pressed and relea
                                                            sed
   57 00000004         ; STUDENTS: To be programmed
   58 00000004         
   59 00000004         ;TASK 3.2
   60 00000004 4910            LDR              R1, =ADDR_DIP_SWITCH_7_0 ; load
                                                             input from dip swi
                                                            tches 7 - 0
   61 00000006 780A            LDRB             R2, [R1]    ; Load value at dip
                                                             switch into R2
   62 00000008         
   63 00000008         
   64 00000008 4B10            LDR              R3, =ADDR_DIP_SWITCH_15_8 ; Loa
                                                            d addr of dip switc
                                                            hes 15 - 8
   65 0000000A 781C            LDRB             R4, [R3]    ; Load value at dip
                                                             switch into R4
   66 0000000C         
   67 0000000C 4F10            LDR              R7, =BITMASK_LOWER_NIBBLE ; Put
                                                             bitmask over nibbl
                                                            e
   68 0000000E 403C            ANDS             R4, R4, R7



ARM Macro Assembler    Page 3 


   69 00000010         
   70 00000010 4E10            LDR              R6, =ADDR_LED_7_0 ; load addres
                                                            s of led 7-0 into r
                                                            6
   71 00000012 6032            STR              R2, [R6]    ; store value for l
                                                            eds into r6
   72 00000014 4F10            LDR              R7, =ADDR_LED_15_8 ; load addre
                                                            ss of led 15-8 into
                                                             r3
   73 00000016 603C            STR              R4, [R7]    ; store value for l
                                                            eds into address at
                                                             R7
   74 00000018         
   75 00000018         
   76 00000018         ;TASK 3.3
   77 00000018 4D10            LDR              R5, =data1  ;load starting addr
                                                            ess of table into R
                                                            5
   78 0000001A 552A            STRB             R2, [R5, R4] ;store values at R
                                                            2 (values of switch
                                                             7_0) to R5 with R4
                                                             offset
   79 0000001C         
   80 0000001C         ;TASK 3.4
   81 0000001C 4910            LDR              R1, =ADDR_DIP_SWITCH_31_24 ; lo
                                                            ad input from dip s
                                                            witches 31 - 24
   82 0000001E 780A            LDRB             R2, [R1]    ; Load value at dip
                                                             switch into R2
   83 00000020         
   84 00000020 4F0B            LDR              R7, =BITMASK_LOWER_NIBBLE ; Put
                                                             bitmask over nibbl
                                                            e
   85 00000022 403A            ANDS             R2, R2, R7
   86 00000024         
   87 00000024 4E0F            LDR              R6, =ADDR_LED_31_24 ; load addr
                                                            ess of led 31-24 in
                                                            to r6
   88 00000026 6032            STR              R2, [R6]    ; store value for l
                                                            eds into address at
                                                             R6
   89 00000028         
   90 00000028         ;TASK 3.5 
   91 00000028 4F0F            LDR              R7, =ADDR_LED_23_16 ;load addre
                                                            sses of led 23-16 i
                                                            nto R7 
   92 0000002A 5CAB            LDRB             R3, [R5, R2] ;Load value of tab
                                                            le at index R2 into
                                                             R3
   93 0000002C 603B            STR              R3, [R7]    ; store value for l
                                                            eds into address at
                                                             R7
   94 0000002E         
   95 0000002E         
   96 0000002E         ; END: To be programmed
   97 0000002E E7E7            B                readInput
   98 00000030                 ALIGN
   99 00000030         
  100 00000030         ; ------------------------------------------------------



ARM Macro Assembler    Page 4 


                       ------------
  101 00000030         ; Subroutines
  102 00000030         ; ------------------------------------------------------
                       ------------
  103 00000030         
  104 00000030         ; wait for key to be pressed and released
  105 00000030         waitForKey
  106 00000030 B407            PUSH             {R0, R1, R2}
  107 00000032 490E            LDR              R1, =ADDR_BUTTONS ; laod base a
                                                            ddress of keys
  108 00000034 4A0E            LDR              R2, =BITMASK_KEY_T0 
                                                            ; load key mask T0
  109 00000036         
  110 00000036         waitForPress
  111 00000036 7808            LDRB             R0, [R1]    ; load key values
  112 00000038 4210            TST              R0, R2      ; check, if key T0 
                                                            is pressed
  113 0000003A D0FC            BEQ              waitForPress
  114 0000003C         
  115 0000003C         waitForRelease
  116 0000003C 7808            LDRB             R0, [R1]    ; load key values
  117 0000003E 4210            TST              R0, R2      ; check, if key T0 
                                                            is released
  118 00000040 D1FC            BNE              waitForRelease
  119 00000042         
  120 00000042 BC07            POP              {R0, R1, R2}
  121 00000044 4770            BX               LR
  122 00000046 00 00           ALIGN
  123 00000048         
  124 00000048         ; ------------------------------------------------------
                       ------------
  125 00000048         ; End of code
  126 00000048         ; ------------------------------------------------------
                       ------------
  127 00000048                 ENDP
  128 00000048                 END
              60000200 
              60000201 
              0000000F 
              60000100 
              60000101 
              00000000 
              60000203 
              60000103 
              60000102 
              60000210 
              00000001 
Command Line: --debug --xref --diag_suppress=9931 --cpu=Cortex-M0 --depend=.\bu
ild\table.d -o.\build\table.o -I.\RTE\_Target_1 -IC:\Users\taadejom\AppData\Loc
al\Arm\Packs\InES\CTBoard14_DFP\4.0.2\Device\Include -IC:\Users\taadejom\AppDat
a\Local\Arm\Packs\InES\CTBoard14_DFP\4.0.2\Device\Include\m0 -IC:\Users\taadejo
m\AppData\Local\Arm\Packs\InES\CTBoard14_DFP\4.0.2\HAL\Include --predefine="__E
VAL SETA 1" --predefine="__UVISION_VERSION SETA 537" --predefine="_RTE_ SETA 1"
 --predefine="_RTE_ SETA 1" --list=.\build\table.lst app\table.s



ARM Macro Assembler    Page 1 Alphabetic symbol ordering
Relocatable symbols

MyAsmVar 00000000

Symbol: MyAsmVar
   Definitions
      At line 37 in file app\table.s
   Uses
      None
Comment: MyAsmVar unused
data1 00000000

Symbol: data1
   Definitions
      At line 40 in file app\table.s
   Uses
      At line 77 in file app\table.s
Comment: data1 used once
2 symbols



ARM Macro Assembler    Page 1 Alphabetic symbol ordering
Relocatable symbols

main 00000000

Symbol: main
   Definitions
      At line 52 in file app\table.s
   Uses
      At line 53 in file app\table.s
Comment: main used once
myCode 00000000

Symbol: myCode
   Definitions
      At line 50 in file app\table.s
   Uses
      None
Comment: myCode unused
readInput 00000000

Symbol: readInput
   Definitions
      At line 55 in file app\table.s
   Uses
      At line 97 in file app\table.s
Comment: readInput used once
waitForKey 00000030

Symbol: waitForKey
   Definitions
      At line 105 in file app\table.s
   Uses
      At line 56 in file app\table.s
Comment: waitForKey used once
waitForPress 00000036

Symbol: waitForPress
   Definitions
      At line 110 in file app\table.s
   Uses
      At line 113 in file app\table.s
Comment: waitForPress used once
waitForRelease 0000003C

Symbol: waitForRelease
   Definitions
      At line 115 in file app\table.s
   Uses
      At line 118 in file app\table.s
Comment: waitForRelease used once
6 symbols



ARM Macro Assembler    Page 1 Alphabetic symbol ordering
Absolute symbols

ADDR_BUTTONS 60000210

Symbol: ADDR_BUTTONS
   Definitions
      At line 29 in file app\table.s
   Uses
      At line 107 in file app\table.s
Comment: ADDR_BUTTONS used once
ADDR_DIP_SWITCH_15_8 60000201

Symbol: ADDR_DIP_SWITCH_15_8
   Definitions
      At line 23 in file app\table.s
   Uses
      At line 64 in file app\table.s
Comment: ADDR_DIP_SWITCH_15_8 used once
ADDR_DIP_SWITCH_31_24 60000203

Symbol: ADDR_DIP_SWITCH_31_24
   Definitions
      At line 24 in file app\table.s
   Uses
      At line 81 in file app\table.s
Comment: ADDR_DIP_SWITCH_31_24 used once
ADDR_DIP_SWITCH_7_0 60000200

Symbol: ADDR_DIP_SWITCH_7_0
   Definitions
      At line 22 in file app\table.s
   Uses
      At line 60 in file app\table.s
Comment: ADDR_DIP_SWITCH_7_0 used once
ADDR_LED_15_8 60000101

Symbol: ADDR_LED_15_8
   Definitions
      At line 26 in file app\table.s
   Uses
      At line 72 in file app\table.s
Comment: ADDR_LED_15_8 used once
ADDR_LED_23_16 60000102

Symbol: ADDR_LED_23_16
   Definitions
      At line 27 in file app\table.s
   Uses
      At line 91 in file app\table.s
Comment: ADDR_LED_23_16 used once
ADDR_LED_31_24 60000103

Symbol: ADDR_LED_31_24
   Definitions
      At line 28 in file app\table.s
   Uses
      At line 87 in file app\table.s
Comment: ADDR_LED_31_24 used once
ADDR_LED_7_0 60000100

Symbol: ADDR_LED_7_0



ARM Macro Assembler    Page 2 Alphabetic symbol ordering
Absolute symbols

   Definitions
      At line 25 in file app\table.s
   Uses
      At line 70 in file app\table.s
Comment: ADDR_LED_7_0 used once
BITMASK_KEY_T0 00000001

Symbol: BITMASK_KEY_T0
   Definitions
      At line 31 in file app\table.s
   Uses
      At line 108 in file app\table.s
Comment: BITMASK_KEY_T0 used once
BITMASK_LOWER_NIBBLE 0000000F

Symbol: BITMASK_LOWER_NIBBLE
   Definitions
      At line 32 in file app\table.s
   Uses
      At line 67 in file app\table.s
      At line 84 in file app\table.s

10 symbols
353 symbols in table
